<?xml version="1.0" encoding="UTF-8"?>
<testsuite xmlns:xsi="http://www.w3.org/2001/XMLSchema-instance" xsi:schemaLocation="https://maven.apache.org/surefire/maven-surefire-plugin/xsd/surefire-test-report.xsd" name="org.hyperledger.fabric_ca.sdk.HFCAClientTest" time="3.199" tests="31" errors="0" skipped="0" failures="0">
  <properties>
    <property name="java.runtime.name" value="Java(TM) SE Runtime Environment"/>
    <property name="sun.boot.library.path" value="G:\DevelopeSoftware\Java\jdk1.8.0_112\jre\bin"/>
    <property name="java.vm.version" value="25.112-b15"/>
    <property name="java.vm.vendor" value="Oracle Corporation"/>
    <property name="maven.multiModuleProjectDirectory" value="G:\LocalGitRepository\fabric-sdk-java-op"/>
    <property name="java.vendor.url" value="http://java.oracle.com/"/>
    <property name="path.separator" value=";"/>
    <property name="guice.disable.misplaced.annotation.check" value="true"/>
    <property name="java.vm.name" value="Java HotSpot(TM) 64-Bit Server VM"/>
    <property name="file.encoding.pkg" value="sun.io"/>
    <property name="user.script" value=""/>
    <property name="user.country" value="CN"/>
    <property name="sun.java.launcher" value="SUN_STANDARD"/>
    <property name="sun.os.patch.level" value=""/>
    <property name="java.vm.specification.name" value="Java Virtual Machine Specification"/>
    <property name="user.dir" value="G:\LocalGitRepository\fabric-sdk-java-op"/>
    <property name="java.runtime.version" value="1.8.0_112-b15"/>
    <property name="java.awt.graphicsenv" value="sun.awt.Win32GraphicsEnvironment"/>
    <property name="java.endorsed.dirs" value="G:\DevelopeSoftware\Java\jdk1.8.0_112\jre\lib\endorsed"/>
    <property name="os.arch" value="amd64"/>
    <property name="java.io.tmpdir" value="C:\Users\Stone\AppData\Local\Temp\"/>
    <property name="line.separator" value="&#10;"/>
    <property name="java.vm.specification.vendor" value="Oracle Corporation"/>
    <property name="user.variant" value=""/>
    <property name="os.name" value="Windows 10"/>
    <property name="os.detected.classifier" value="windows-x86_64"/>
    <property name="classworlds.conf" value="G:\DevelopeSoftware\Maven\apache-maven-3.5.0\bin\..\bin\m2.conf"/>
    <property name="sun.jnu.encoding" value="GBK"/>
    <property name="java.library.path" value="G:\DevelopeSoftware\Java\jdk1.8.0_112\bin;C:\WINDOWS\Sun\Java\bin;C:\WINDOWS\system32;C:\WINDOWS;C:\Windows\system32;C:\Windows;C:\Windows\System32\Wbem;C:\Windows\System32\WindowsPowerShell\v1.0\;C:\Program Files (x86)\Intel\OpenCL SDK\2.0\bin\x86;C:\Program Files (x86)\Intel\OpenCL SDK\2.0\bin\x64;C:\Program Files (x86)\NVIDIA Corporation\PhysX\Common;C:\WINDOWS\system32;C:\WINDOWS;C:\WINDOWS\System32\Wbem;C:\WINDOWS\System32\WindowsPowerShell\v1.0\;G:\DevelopeSoftware\Java\jdk1.8.0_112\jre\bin;G:\DevelopeSoftware\Maven\apache-maven-3.5.0\bin;G:\DevelopeSoftware\Git\cmd;G:\DevelopeSoftware\Java\jdk1.8.0_112\bin;C:\Users\Stone\AppData\Local\Microsoft\WindowsApps;;."/>
    <property name="os.detected.arch" value="x86_64"/>
    <property name="maven.conf" value="G:\DevelopeSoftware\Maven\apache-maven-3.5.0\bin\../conf"/>
    <property name="java.specification.name" value="Java Platform API Specification"/>
    <property name="java.class.version" value="52.0"/>
    <property name="sun.management.compiler" value="HotSpot 64-Bit Tiered Compilers"/>
    <property name="os.detected.name" value="windows"/>
    <property name="os.version" value="10.0"/>
    <property name="library.jansi.path" value="G:\DevelopeSoftware\Maven\apache-maven-3.5.0\bin\..\lib\jansi-native\windows64"/>
    <property name="user.home" value="C:\Users\Stone"/>
    <property name="user.timezone" value="Asia/Shanghai"/>
    <property name="java.awt.printerjob" value="sun.awt.windows.WPrinterJob"/>
    <property name="java.specification.version" value="1.8"/>
    <property name="file.encoding" value="GBK"/>
    <property name="user.name" value="Stone"/>
    <property name="java.class.path" value="G:\DevelopeSoftware\Maven\apache-maven-3.5.0\bin\..\boot\plexus-classworlds-2.5.2.jar"/>
    <property name="java.vm.specification.version" value="1.8"/>
    <property name="sun.arch.data.model" value="64"/>
    <property name="java.home" value="G:\DevelopeSoftware\Java\jdk1.8.0_112\jre"/>
    <property name="sun.java.command" value="org.codehaus.plexus.classworlds.launcher.Launcher test"/>
    <property name="java.specification.vendor" value="Oracle Corporation"/>
    <property name="user.language" value="zh"/>
    <property name="awt.toolkit" value="sun.awt.windows.WToolkit"/>
    <property name="java.vm.info" value="mixed mode"/>
    <property name="java.version" value="1.8.0_112"/>
    <property name="java.ext.dirs" value="G:\DevelopeSoftware\Java\jdk1.8.0_112\jre\lib\ext;C:\WINDOWS\Sun\Java\lib\ext"/>
    <property name="sun.boot.class.path" value="G:\DevelopeSoftware\Java\jdk1.8.0_112\jre\lib\resources.jar;G:\DevelopeSoftware\Java\jdk1.8.0_112\jre\lib\rt.jar;G:\DevelopeSoftware\Java\jdk1.8.0_112\jre\lib\sunrsasign.jar;G:\DevelopeSoftware\Java\jdk1.8.0_112\jre\lib\jsse.jar;G:\DevelopeSoftware\Java\jdk1.8.0_112\jre\lib\jce.jar;G:\DevelopeSoftware\Java\jdk1.8.0_112\jre\lib\charsets.jar;G:\DevelopeSoftware\Java\jdk1.8.0_112\jre\lib\jfr.jar;G:\DevelopeSoftware\Java\jdk1.8.0_112\jre\classes"/>
    <property name="sun.stderr.encoding" value="ms936"/>
    <property name="java.vendor" value="Oracle Corporation"/>
    <property name="maven.home" value="G:\DevelopeSoftware\Maven\apache-maven-3.5.0\bin\.."/>
    <property name="file.separator" value="\"/>
    <property name="java.vendor.url.bug" value="http://bugreport.sun.com/bugreport/"/>
    <property name="sun.cpu.endian" value="little"/>
    <property name="sun.io.unicode.encoding" value="UnicodeLittle"/>
    <property name="sun.stdout.encoding" value="ms936"/>
    <property name="sun.desktop" value="windows"/>
    <property name="sun.cpu.isalist" value="amd64"/>
  </properties>
  <testcase name="testRevoke2NullUser" classname="org.hyperledger.fabric_ca.sdk.HFCAClientTest" time="0.015"/>
  <testcase name="testEnrollmentEmptyUser" classname="org.hyperledger.fabric_ca.sdk.HFCAClientTest" time="0.016"/>
  <testcase name="testNewInstanceNoUrlHost" classname="org.hyperledger.fabric_ca.sdk.HFCAClientTest" time="0"/>
  <testcase name="testEnrollmentEmptySecret" classname="org.hyperledger.fabric_ca.sdk.HFCAClientTest" time="0"/>
  <testcase name="testRegisterEnrollmentIdNull" classname="org.hyperledger.fabric_ca.sdk.HFCAClientTest" time="0.016"/>
  <testcase name="testReenrollNullEnrollment" classname="org.hyperledger.fabric_ca.sdk.HFCAClientTest" time="0"/>
  <testcase name="testNewInstanceEmptyUrl" classname="org.hyperledger.fabric_ca.sdk.HFCAClientTest" time="0.015"/>
  <testcase name="testNewInstanceNullUrl" classname="org.hyperledger.fabric_ca.sdk.HFCAClientTest" time="0"/>
  <testcase name="testRegisterNoServerResponseNoPemFile" classname="org.hyperledger.fabric_ca.sdk.HFCAClientTest" time="0.016"/>
  <testcase name="testRevoke2NullEnrollment" classname="org.hyperledger.fabric_ca.sdk.HFCAClientTest" time="0"/>
  <testcase name="testEnrollmentNoServerResponse" classname="org.hyperledger.fabric_ca.sdk.HFCAClientTest" time="2.949"/>
  <testcase name="testRevoke1Exception" classname="org.hyperledger.fabric_ca.sdk.HFCAClientTest" time="0"/>
  <testcase name="testSetCryptoSuite" classname="org.hyperledger.fabric_ca.sdk.HFCAClientTest" time="0"/>
  <testcase name="testNewInstanceWithNameAndProperties" classname="org.hyperledger.fabric_ca.sdk.HFCAClientTest" time="0.016"/>
  <testcase name="testEnrollmentNoKeyPair" classname="org.hyperledger.fabric_ca.sdk.HFCAClientTest" time="0.046"/>
  <testcase name="testRegisterNoServerResponseAllHostNames" classname="org.hyperledger.fabric_ca.sdk.HFCAClientTest" time="0.016"/>
  <testcase name="testEnrollmentNullUser" classname="org.hyperledger.fabric_ca.sdk.HFCAClientTest" time="0"/>
  <testcase name="testRegisterNoServerResponse" classname="org.hyperledger.fabric_ca.sdk.HFCAClientTest" time="0.016"/>
  <testcase name="testRevoke1NullUser" classname="org.hyperledger.fabric_ca.sdk.HFCAClientTest" time="0.015"/>
  <testcase name="testNewInstanceNullName" classname="org.hyperledger.fabric_ca.sdk.HFCAClientTest" time="0"/>
  <testcase name="testEnrollmentNullSecret" classname="org.hyperledger.fabric_ca.sdk.HFCAClientTest" time="0"/>
  <testcase name="testNewInstanceBadUrlProto" classname="org.hyperledger.fabric_ca.sdk.HFCAClientTest" time="0.016"/>
  <testcase name="testNewInstanceBadUrlQuery" classname="org.hyperledger.fabric_ca.sdk.HFCAClientTest" time="0.016"/>
  <testcase name="testNewInstanceBadUrlPath" classname="org.hyperledger.fabric_ca.sdk.HFCAClientTest" time="0"/>
  <testcase name="testNewInstanceEmptyName" classname="org.hyperledger.fabric_ca.sdk.HFCAClientTest" time="0"/>
  <testcase name="testNewInstanceWithName" classname="org.hyperledger.fabric_ca.sdk.HFCAClientTest" time="0.015"/>
  <testcase name="testRegisterEnrollmentIdEmpty" classname="org.hyperledger.fabric_ca.sdk.HFCAClientTest" time="0"/>
  <testcase name="testNewInstance" classname="org.hyperledger.fabric_ca.sdk.HFCAClientTest" time="0"/>
  <testcase name="testRevoke1NullEnrollment" classname="org.hyperledger.fabric_ca.sdk.HFCAClientTest" time="0"/>
  <testcase name="testReenrollNullUser" classname="org.hyperledger.fabric_ca.sdk.HFCAClientTest" time="0.016"/>
  <testcase name="testRegisterNullRegistrar" classname="org.hyperledger.fabric_ca.sdk.HFCAClientTest" time="0"/>
</testsuite>