<?xml version="1.0" encoding="UTF-8"?>
<testsuite xmlns:xsi="http://www.w3.org/2001/XMLSchema-instance" xsi:schemaLocation="https://maven.apache.org/surefire/maven-surefire-plugin/xsd/surefire-test-report.xsd" name="org.hyperledger.fabric.sdk.security.CryptoPrimitivesTest" time="0.988" tests="49" errors="0" skipped="1" failures="0">
  <properties>
    <property name="java.runtime.name" value="Java(TM) SE Runtime Environment"/>
    <property name="sun.boot.library.path" value="G:\DevelopeSoftware\Java\jdk1.8.0_112\jre\bin"/>
    <property name="java.vm.version" value="25.112-b15"/>
    <property name="java.vm.vendor" value="Oracle Corporation"/>
    <property name="maven.multiModuleProjectDirectory" value="G:\LocalGitRepository\fabric-sdk-java-op"/>
    <property name="java.vendor.url" value="http://java.oracle.com/"/>
    <property name="path.separator" value=";"/>
    <property name="guice.disable.misplaced.annotation.check" value="true"/>
    <property name="java.vm.name" value="Java HotSpot(TM) 64-Bit Server VM"/>
    <property name="file.encoding.pkg" value="sun.io"/>
    <property name="user.script" value=""/>
    <property name="user.country" value="CN"/>
    <property name="sun.java.launcher" value="SUN_STANDARD"/>
    <property name="sun.os.patch.level" value=""/>
    <property name="java.vm.specification.name" value="Java Virtual Machine Specification"/>
    <property name="user.dir" value="G:\LocalGitRepository\fabric-sdk-java-op"/>
    <property name="java.runtime.version" value="1.8.0_112-b15"/>
    <property name="java.awt.graphicsenv" value="sun.awt.Win32GraphicsEnvironment"/>
    <property name="java.endorsed.dirs" value="G:\DevelopeSoftware\Java\jdk1.8.0_112\jre\lib\endorsed"/>
    <property name="os.arch" value="amd64"/>
    <property name="java.io.tmpdir" value="C:\Users\Stone\AppData\Local\Temp\"/>
    <property name="line.separator" value="&#10;"/>
    <property name="java.vm.specification.vendor" value="Oracle Corporation"/>
    <property name="user.variant" value=""/>
    <property name="os.name" value="Windows 10"/>
    <property name="os.detected.classifier" value="windows-x86_64"/>
    <property name="classworlds.conf" value="G:\DevelopeSoftware\Maven\apache-maven-3.5.0\bin\..\bin\m2.conf"/>
    <property name="sun.jnu.encoding" value="GBK"/>
    <property name="java.library.path" value="G:\DevelopeSoftware\Java\jdk1.8.0_112\bin;C:\WINDOWS\Sun\Java\bin;C:\WINDOWS\system32;C:\WINDOWS;C:\Windows\system32;C:\Windows;C:\Windows\System32\Wbem;C:\Windows\System32\WindowsPowerShell\v1.0\;C:\Program Files (x86)\Intel\OpenCL SDK\2.0\bin\x86;C:\Program Files (x86)\Intel\OpenCL SDK\2.0\bin\x64;C:\Program Files (x86)\NVIDIA Corporation\PhysX\Common;C:\WINDOWS\system32;C:\WINDOWS;C:\WINDOWS\System32\Wbem;C:\WINDOWS\System32\WindowsPowerShell\v1.0\;G:\DevelopeSoftware\Java\jdk1.8.0_112\jre\bin;G:\DevelopeSoftware\Maven\apache-maven-3.5.0\bin;G:\DevelopeSoftware\Git\cmd;G:\DevelopeSoftware\Java\jdk1.8.0_112\bin;C:\Users\Stone\AppData\Local\Microsoft\WindowsApps;;."/>
    <property name="os.detected.arch" value="x86_64"/>
    <property name="maven.conf" value="G:\DevelopeSoftware\Maven\apache-maven-3.5.0\bin\../conf"/>
    <property name="java.specification.name" value="Java Platform API Specification"/>
    <property name="java.class.version" value="52.0"/>
    <property name="sun.management.compiler" value="HotSpot 64-Bit Tiered Compilers"/>
    <property name="os.detected.name" value="windows"/>
    <property name="os.version" value="10.0"/>
    <property name="library.jansi.path" value="G:\DevelopeSoftware\Maven\apache-maven-3.5.0\bin\..\lib\jansi-native\windows64"/>
    <property name="user.home" value="C:\Users\Stone"/>
    <property name="user.timezone" value="Asia/Shanghai"/>
    <property name="java.awt.printerjob" value="sun.awt.windows.WPrinterJob"/>
    <property name="java.specification.version" value="1.8"/>
    <property name="file.encoding" value="GBK"/>
    <property name="user.name" value="Stone"/>
    <property name="java.class.path" value="G:\DevelopeSoftware\Maven\apache-maven-3.5.0\bin\..\boot\plexus-classworlds-2.5.2.jar"/>
    <property name="java.vm.specification.version" value="1.8"/>
    <property name="sun.arch.data.model" value="64"/>
    <property name="java.home" value="G:\DevelopeSoftware\Java\jdk1.8.0_112\jre"/>
    <property name="sun.java.command" value="org.codehaus.plexus.classworlds.launcher.Launcher test"/>
    <property name="java.specification.vendor" value="Oracle Corporation"/>
    <property name="user.language" value="zh"/>
    <property name="awt.toolkit" value="sun.awt.windows.WToolkit"/>
    <property name="java.vm.info" value="mixed mode"/>
    <property name="java.version" value="1.8.0_112"/>
    <property name="java.ext.dirs" value="G:\DevelopeSoftware\Java\jdk1.8.0_112\jre\lib\ext;C:\WINDOWS\Sun\Java\lib\ext"/>
    <property name="sun.boot.class.path" value="G:\DevelopeSoftware\Java\jdk1.8.0_112\jre\lib\resources.jar;G:\DevelopeSoftware\Java\jdk1.8.0_112\jre\lib\rt.jar;G:\DevelopeSoftware\Java\jdk1.8.0_112\jre\lib\sunrsasign.jar;G:\DevelopeSoftware\Java\jdk1.8.0_112\jre\lib\jsse.jar;G:\DevelopeSoftware\Java\jdk1.8.0_112\jre\lib\jce.jar;G:\DevelopeSoftware\Java\jdk1.8.0_112\jre\lib\charsets.jar;G:\DevelopeSoftware\Java\jdk1.8.0_112\jre\lib\jfr.jar;G:\DevelopeSoftware\Java\jdk1.8.0_112\jre\classes"/>
    <property name="sun.stderr.encoding" value="ms936"/>
    <property name="java.vendor" value="Oracle Corporation"/>
    <property name="maven.home" value="G:\DevelopeSoftware\Maven\apache-maven-3.5.0\bin\.."/>
    <property name="file.separator" value="\"/>
    <property name="java.vendor.url.bug" value="http://bugreport.sun.com/bugreport/"/>
    <property name="sun.cpu.endian" value="little"/>
    <property name="sun.io.unicode.encoding" value="UnicodeLittle"/>
    <property name="sun.stdout.encoding" value="ms936"/>
    <property name="sun.desktop" value="windows"/>
    <property name="sun.cpu.isalist" value="amd64"/>
  </properties>
  <testcase name="testSetHashAlgorithm" classname="org.hyperledger.fabric.sdk.security.CryptoPrimitivesTest" time="0.063"/>
  <testcase name="testCertificationRequestToPEM" classname="org.hyperledger.fabric.sdk.security.CryptoPrimitivesTest" time="0.222"/>
  <testcase name="testBytesToCertificateInvalidBytes" classname="org.hyperledger.fabric.sdk.security.CryptoPrimitivesTest" time="0"/>
  <testcase name="testAddCACertificateToTrustStoreNoCert" classname="org.hyperledger.fabric.sdk.security.CryptoPrimitivesTest" time="0"/>
  <testcase name="testAddCACertificateToTrustStoreNoFile" classname="org.hyperledger.fabric.sdk.security.CryptoPrimitivesTest" time="0"/>
  <testcase name="testLoadCACerts" classname="org.hyperledger.fabric.sdk.security.CryptoPrimitivesTest" time="0.031"/>
  <testcase name="testValidateBadCertificateByteArray" classname="org.hyperledger.fabric.sdk.security.CryptoPrimitivesTest" time="0.141"/>
  <testcase name="testSetTrustStoreNull" classname="org.hyperledger.fabric.sdk.security.CryptoPrimitivesTest" time="0"/>
  <testcase name="testLoadCACertsBadInput" classname="org.hyperledger.fabric.sdk.security.CryptoPrimitivesTest" time="0"/>
  <testcase name="testValidateNotSignedCertificate" classname="org.hyperledger.fabric.sdk.security.CryptoPrimitivesTest" time="0.078"/>
  <testcase name="testSign" classname="org.hyperledger.fabric.sdk.security.CryptoPrimitivesTest" time="0">
    <skipped/>
  </testcase>
  <testcase name="testAddCACertificateToTrustStoreInvalidCertFile" classname="org.hyperledger.fabric.sdk.security.CryptoPrimitivesTest" time="0"/>
  <testcase name="testVerifyBadPlaintext" classname="org.hyperledger.fabric.sdk.security.CryptoPrimitivesTest" time="0"/>
  <testcase name="testSignValidData" classname="org.hyperledger.fabric.sdk.security.CryptoPrimitivesTest" time="0"/>
  <testcase name="testSetHashAlgorithmBadArg" classname="org.hyperledger.fabric.sdk.security.CryptoPrimitivesTest" time="0"/>
  <testcase name="testBytesToCertificateNullBytes" classname="org.hyperledger.fabric.sdk.security.CryptoPrimitivesTest" time="0.015"/>
  <testcase name="testValidateCertificateByteArray" classname="org.hyperledger.fabric.sdk.security.CryptoPrimitivesTest" time="0"/>
  <testcase name="testAddCACertificateToTrustStoreCertNullAlias" classname="org.hyperledger.fabric.sdk.security.CryptoPrimitivesTest" time="0.016"/>
  <testcase name="testKeyGenBadCrypto" classname="org.hyperledger.fabric.sdk.security.CryptoPrimitivesTest" time="0"/>
  <testcase name="testAddCACertificateToTrustStoreCertEmptyAlias" classname="org.hyperledger.fabric.sdk.security.CryptoPrimitivesTest" time="0.016"/>
  <testcase name="testValidateNullCertificateByteArray" classname="org.hyperledger.fabric.sdk.security.CryptoPrimitivesTest" time="0"/>
  <testcase name="testGenerateCertificateRequest" classname="org.hyperledger.fabric.sdk.security.CryptoPrimitivesTest" time="0.031"/>
  <testcase name="testVerifyBadSig" classname="org.hyperledger.fabric.sdk.security.CryptoPrimitivesTest" time="0.062"/>
  <testcase name="testAddCACertificateToTrustStoreEmptyAlias" classname="org.hyperledger.fabric.sdk.security.CryptoPrimitivesTest" time="0"/>
  <testcase name="testSetTrustStoreDuplicateCert" classname="org.hyperledger.fabric.sdk.security.CryptoPrimitivesTest" time="0"/>
  <testcase name="testValidateCertificate" classname="org.hyperledger.fabric.sdk.security.CryptoPrimitivesTest" time="0"/>
  <testcase name="testAddCACertificateToTrustStoreNullAlias" classname="org.hyperledger.fabric.sdk.security.CryptoPrimitivesTest" time="0"/>
  <testcase name="testGetTrustStore" classname="org.hyperledger.fabric.sdk.security.CryptoPrimitivesTest" time="0"/>
  <testcase name="testAddCACertificateToTrustStoreBlankAlias" classname="org.hyperledger.fabric.sdk.security.CryptoPrimitivesTest" time="0"/>
  <testcase name="testCertificateToDER" classname="org.hyperledger.fabric.sdk.security.CryptoPrimitivesTest" time="0.016"/>
  <testcase name="testSignNullKey" classname="org.hyperledger.fabric.sdk.security.CryptoPrimitivesTest" time="0"/>
  <testcase name="testLoadCACertsBytesBadInput" classname="org.hyperledger.fabric.sdk.security.CryptoPrimitivesTest" time="0.016"/>
  <testcase name="testValidateNullCertificate" classname="org.hyperledger.fabric.sdk.security.CryptoPrimitivesTest" time="0"/>
  <testcase name="testInitInvalidCertFormat" classname="org.hyperledger.fabric.sdk.security.CryptoPrimitivesTest" time="0.062"/>
  <testcase name="testSetTrustStoreDuplicateCertUsingFile" classname="org.hyperledger.fabric.sdk.security.CryptoPrimitivesTest" time="0"/>
  <testcase name="testHashSHA2" classname="org.hyperledger.fabric.sdk.security.CryptoPrimitivesTest" time="0"/>
  <testcase name="testHashSHA3" classname="org.hyperledger.fabric.sdk.security.CryptoPrimitivesTest" time="0"/>
  <testcase name="testAddCACertificateToTrustStoreBadStore" classname="org.hyperledger.fabric.sdk.security.CryptoPrimitivesTest" time="0.047"/>
  <testcase name="testSecurityLevel" classname="org.hyperledger.fabric.sdk.security.CryptoPrimitivesTest" time="0"/>
  <testcase name="testSetTrustStore" classname="org.hyperledger.fabric.sdk.security.CryptoPrimitivesTest" time="0"/>
  <testcase name="testAddCACertificateToTrustStoreNullFile" classname="org.hyperledger.fabric.sdk.security.CryptoPrimitivesTest" time="0"/>
  <testcase name="testValidateInvalidCertificate" classname="org.hyperledger.fabric.sdk.security.CryptoPrimitivesTest" time="0.031"/>
  <testcase name="testSignNullData" classname="org.hyperledger.fabric.sdk.security.CryptoPrimitivesTest" time="0"/>
  <testcase name="testKeyGen" classname="org.hyperledger.fabric.sdk.security.CryptoPrimitivesTest" time="0"/>
  <testcase name="testVerifyNullInput" classname="org.hyperledger.fabric.sdk.security.CryptoPrimitivesTest" time="0.016"/>
  <testcase name="testGetSetProperties" classname="org.hyperledger.fabric.sdk.security.CryptoPrimitivesTest" time="0.031"/>
  <testcase name="testVerifyBadCert" classname="org.hyperledger.fabric.sdk.security.CryptoPrimitivesTest" time="0.078"/>
  <testcase name="testVerify" classname="org.hyperledger.fabric.sdk.security.CryptoPrimitivesTest" time="0"/>
  <testcase name="testGetTrustStoreEntries" classname="org.hyperledger.fabric.sdk.security.CryptoPrimitivesTest" time="0"/>
</testsuite>