<?xml version="1.0" encoding="UTF-8"?>
<testsuite xmlns:xsi="http://www.w3.org/2001/XMLSchema-instance" xsi:schemaLocation="https://maven.apache.org/surefire/maven-surefire-plugin/xsd/surefire-test-report.xsd" name="org.hyperledger.fabric.sdk.security.CryptoPrimitivesTest" time="0.326" tests="49" errors="0" skipped="1" failures="0">
  <properties>
    <property name="java.runtime.name" value="Java(TM) SE Runtime Environment"/>
    <property name="sun.boot.library.path" value="/usr/java/jdk1.8.0_141/jre/lib/amd64"/>
    <property name="java.vm.version" value="25.141-b15"/>
    <property name="java.vm.vendor" value="Oracle Corporation"/>
    <property name="maven.multiModuleProjectDirectory" value="/root/workspace/zhaoshuguang/fabric-sdk-java-op"/>
    <property name="java.vendor.url" value="http://java.oracle.com/"/>
    <property name="path.separator" value=":"/>
    <property name="os.detected.release.like.rhel" value="true"/>
    <property name="guice.disable.misplaced.annotation.check" value="true"/>
    <property name="java.vm.name" value="Java HotSpot(TM) 64-Bit Server VM"/>
    <property name="file.encoding.pkg" value="sun.io"/>
    <property name="user.country" value="US"/>
    <property name="sun.java.launcher" value="SUN_STANDARD"/>
    <property name="sun.os.patch.level" value="unknown"/>
    <property name="java.vm.specification.name" value="Java Virtual Machine Specification"/>
    <property name="user.dir" value="/root/workspace/zhaoshuguang/fabric-sdk-java-op"/>
    <property name="java.runtime.version" value="1.8.0_141-b15"/>
    <property name="java.awt.graphicsenv" value="sun.awt.X11GraphicsEnvironment"/>
    <property name="java.endorsed.dirs" value="/usr/java/jdk1.8.0_141/jre/lib/endorsed"/>
    <property name="os.arch" value="amd64"/>
    <property name="java.io.tmpdir" value="/tmp"/>
    <property name="os.detected.release.version" value="7"/>
    <property name="line.separator" value="&#10;"/>
    <property name="java.vm.specification.vendor" value="Oracle Corporation"/>
    <property name="os.name" value="Linux"/>
    <property name="os.detected.classifier" value="linux-x86_64"/>
    <property name="classworlds.conf" value="/usr/local/apache-maven/bin/m2.conf"/>
    <property name="sun.jnu.encoding" value="UTF-8"/>
    <property name="java.library.path" value="/usr/java/packages/lib/amd64:/usr/lib64:/lib64:/lib:/usr/lib"/>
    <property name="os.detected.arch" value="x86_64"/>
    <property name="java.specification.name" value="Java Platform API Specification"/>
    <property name="java.class.version" value="52.0"/>
    <property name="sun.management.compiler" value="HotSpot 64-Bit Tiered Compilers"/>
    <property name="os.detected.name" value="linux"/>
    <property name="os.version" value="3.10.0-514.el7.x86_64"/>
    <property name="user.home" value="/root"/>
    <property name="user.timezone" value="America/New_York"/>
    <property name="java.awt.printerjob" value="sun.print.PSPrinterJob"/>
    <property name="java.specification.version" value="1.8"/>
    <property name="file.encoding" value="UTF-8"/>
    <property name="os.detected.release" value="centos"/>
    <property name="user.name" value="root"/>
    <property name="java.class.path" value="/usr/local/apache-maven/boot/plexus-classworlds-2.5.2.jar"/>
    <property name="java.vm.specification.version" value="1.8"/>
    <property name="sun.arch.data.model" value="64"/>
    <property name="java.home" value="/usr/java/jdk1.8.0_141/jre"/>
    <property name="sun.java.command" value="org.codehaus.plexus.classworlds.launcher.Launcher test"/>
    <property name="os.detected.release.like.centos" value="true"/>
    <property name="java.specification.vendor" value="Oracle Corporation"/>
    <property name="user.language" value="en"/>
    <property name="awt.toolkit" value="sun.awt.X11.XToolkit"/>
    <property name="java.vm.info" value="mixed mode"/>
    <property name="java.version" value="1.8.0_141"/>
    <property name="java.ext.dirs" value="/usr/java/jdk1.8.0_141/jre/lib/ext:/usr/java/packages/lib/ext"/>
    <property name="securerandom.source" value="file:/dev/./urandom"/>
    <property name="sun.boot.class.path" value="/usr/java/jdk1.8.0_141/jre/lib/resources.jar:/usr/java/jdk1.8.0_141/jre/lib/rt.jar:/usr/java/jdk1.8.0_141/jre/lib/sunrsasign.jar:/usr/java/jdk1.8.0_141/jre/lib/jsse.jar:/usr/java/jdk1.8.0_141/jre/lib/jce.jar:/usr/java/jdk1.8.0_141/jre/lib/charsets.jar:/usr/java/jdk1.8.0_141/jre/lib/jfr.jar:/usr/java/jdk1.8.0_141/jre/classes"/>
    <property name="java.vendor" value="Oracle Corporation"/>
    <property name="maven.home" value="/usr/local/apache-maven"/>
    <property name="file.separator" value="/"/>
    <property name="java.vendor.url.bug" value="http://bugreport.sun.com/bugreport/"/>
    <property name="sun.cpu.endian" value="little"/>
    <property name="sun.io.unicode.encoding" value="UnicodeLittle"/>
    <property name="os.detected.release.like.fedora" value="true"/>
    <property name="sun.cpu.isalist" value=""/>
  </properties>
  <testcase name="testSetHashAlgorithm" classname="org.hyperledger.fabric.sdk.security.CryptoPrimitivesTest" time="0.033"/>
  <testcase name="testCertificationRequestToPEM" classname="org.hyperledger.fabric.sdk.security.CryptoPrimitivesTest" time="0.068"/>
  <testcase name="testBytesToCertificateInvalidBytes" classname="org.hyperledger.fabric.sdk.security.CryptoPrimitivesTest" time="0.004"/>
  <testcase name="testAddCACertificateToTrustStoreNoCert" classname="org.hyperledger.fabric.sdk.security.CryptoPrimitivesTest" time="0.002"/>
  <testcase name="testAddCACertificateToTrustStoreNoFile" classname="org.hyperledger.fabric.sdk.security.CryptoPrimitivesTest" time="0.001"/>
  <testcase name="testLoadCACerts" classname="org.hyperledger.fabric.sdk.security.CryptoPrimitivesTest" time="0.006"/>
  <testcase name="testValidateBadCertificateByteArray" classname="org.hyperledger.fabric.sdk.security.CryptoPrimitivesTest" time="0.011"/>
  <testcase name="testSetTrustStoreNull" classname="org.hyperledger.fabric.sdk.security.CryptoPrimitivesTest" time="0.004"/>
  <testcase name="testLoadCACertsBadInput" classname="org.hyperledger.fabric.sdk.security.CryptoPrimitivesTest" time="0.001"/>
  <testcase name="testValidateNotSignedCertificate" classname="org.hyperledger.fabric.sdk.security.CryptoPrimitivesTest" time="0.005"/>
  <testcase name="testSign" classname="org.hyperledger.fabric.sdk.security.CryptoPrimitivesTest" time="0">
    <skipped/>
  </testcase>
  <testcase name="testAddCACertificateToTrustStoreInvalidCertFile" classname="org.hyperledger.fabric.sdk.security.CryptoPrimitivesTest" time="0.003"/>
  <testcase name="testVerifyBadPlaintext" classname="org.hyperledger.fabric.sdk.security.CryptoPrimitivesTest" time="0.059"/>
  <testcase name="testSignValidData" classname="org.hyperledger.fabric.sdk.security.CryptoPrimitivesTest" time="0.011"/>
  <testcase name="testSetHashAlgorithmBadArg" classname="org.hyperledger.fabric.sdk.security.CryptoPrimitivesTest" time="0.004"/>
  <testcase name="testBytesToCertificateNullBytes" classname="org.hyperledger.fabric.sdk.security.CryptoPrimitivesTest" time="0.002"/>
  <testcase name="testValidateCertificateByteArray" classname="org.hyperledger.fabric.sdk.security.CryptoPrimitivesTest" time="0.003"/>
  <testcase name="testAddCACertificateToTrustStoreCertNullAlias" classname="org.hyperledger.fabric.sdk.security.CryptoPrimitivesTest" time="0.001"/>
  <testcase name="testKeyGenBadCrypto" classname="org.hyperledger.fabric.sdk.security.CryptoPrimitivesTest" time="0.004"/>
  <testcase name="testAddCACertificateToTrustStoreCertEmptyAlias" classname="org.hyperledger.fabric.sdk.security.CryptoPrimitivesTest" time="0.002"/>
  <testcase name="testValidateNullCertificateByteArray" classname="org.hyperledger.fabric.sdk.security.CryptoPrimitivesTest" time="0.001"/>
  <testcase name="testGenerateCertificateRequest" classname="org.hyperledger.fabric.sdk.security.CryptoPrimitivesTest" time="0.008"/>
  <testcase name="testVerifyBadSig" classname="org.hyperledger.fabric.sdk.security.CryptoPrimitivesTest" time="0.007"/>
  <testcase name="testAddCACertificateToTrustStoreEmptyAlias" classname="org.hyperledger.fabric.sdk.security.CryptoPrimitivesTest" time="0.001"/>
  <testcase name="testSetTrustStoreDuplicateCert" classname="org.hyperledger.fabric.sdk.security.CryptoPrimitivesTest" time="0.001"/>
  <testcase name="testValidateCertificate" classname="org.hyperledger.fabric.sdk.security.CryptoPrimitivesTest" time="0.002"/>
  <testcase name="testAddCACertificateToTrustStoreNullAlias" classname="org.hyperledger.fabric.sdk.security.CryptoPrimitivesTest" time="0.001"/>
  <testcase name="testGetTrustStore" classname="org.hyperledger.fabric.sdk.security.CryptoPrimitivesTest" time="0.004"/>
  <testcase name="testAddCACertificateToTrustStoreBlankAlias" classname="org.hyperledger.fabric.sdk.security.CryptoPrimitivesTest" time="0.002"/>
  <testcase name="testCertificateToDER" classname="org.hyperledger.fabric.sdk.security.CryptoPrimitivesTest" time="0.007"/>
  <testcase name="testSignNullKey" classname="org.hyperledger.fabric.sdk.security.CryptoPrimitivesTest" time="0.002"/>
  <testcase name="testLoadCACertsBytesBadInput" classname="org.hyperledger.fabric.sdk.security.CryptoPrimitivesTest" time="0.001"/>
  <testcase name="testValidateNullCertificate" classname="org.hyperledger.fabric.sdk.security.CryptoPrimitivesTest" time="0.001"/>
  <testcase name="testInitInvalidCertFormat" classname="org.hyperledger.fabric.sdk.security.CryptoPrimitivesTest" time="0.005"/>
  <testcase name="testSetTrustStoreDuplicateCertUsingFile" classname="org.hyperledger.fabric.sdk.security.CryptoPrimitivesTest" time="0.003"/>
  <testcase name="testHashSHA2" classname="org.hyperledger.fabric.sdk.security.CryptoPrimitivesTest" time="0.001"/>
  <testcase name="testHashSHA3" classname="org.hyperledger.fabric.sdk.security.CryptoPrimitivesTest" time="0.002"/>
  <testcase name="testAddCACertificateToTrustStoreBadStore" classname="org.hyperledger.fabric.sdk.security.CryptoPrimitivesTest" time="0.003"/>
  <testcase name="testSecurityLevel" classname="org.hyperledger.fabric.sdk.security.CryptoPrimitivesTest" time="0.003"/>
  <testcase name="testSetTrustStore" classname="org.hyperledger.fabric.sdk.security.CryptoPrimitivesTest" time="0.004"/>
  <testcase name="testAddCACertificateToTrustStoreNullFile" classname="org.hyperledger.fabric.sdk.security.CryptoPrimitivesTest" time="0.001"/>
  <testcase name="testValidateInvalidCertificate" classname="org.hyperledger.fabric.sdk.security.CryptoPrimitivesTest" time="0.002"/>
  <testcase name="testSignNullData" classname="org.hyperledger.fabric.sdk.security.CryptoPrimitivesTest" time="0.002"/>
  <testcase name="testKeyGen" classname="org.hyperledger.fabric.sdk.security.CryptoPrimitivesTest" time="0.007"/>
  <testcase name="testVerifyNullInput" classname="org.hyperledger.fabric.sdk.security.CryptoPrimitivesTest" time="0.002"/>
  <testcase name="testGetSetProperties" classname="org.hyperledger.fabric.sdk.security.CryptoPrimitivesTest" time="0.003"/>
  <testcase name="testVerifyBadCert" classname="org.hyperledger.fabric.sdk.security.CryptoPrimitivesTest" time="0.003"/>
  <testcase name="testVerify" classname="org.hyperledger.fabric.sdk.security.CryptoPrimitivesTest" time="0.005"/>
  <testcase name="testGetTrustStoreEntries" classname="org.hyperledger.fabric.sdk.security.CryptoPrimitivesTest" time="0.001"/>
</testsuite>